# JRE version: Java(TM) SE Runtime Environment (8.0_66-b17) (build 1.8.0_66-b17)
# Java VM: Java HotSpot(TM) 64-Bit Server VM (25.66-b17 mixed mode linux-amd64 compressed oops)
Heap:
 PSYoungGen      total 68608K, used 13855K [0x00000000d7000000, 0x00000000df600000, 0x0000000100000000)
  eden space 63488K, 13% used [0x00000000d7000000,0x00000000d788bc40,0x00000000dae00000)
  from space 5120K, 99% used [0x00000000dae00000,0x00000000db2fc050,0x00000000db300000)
  to   space 5120K, 0% used [0x00000000df100000,0x00000000df100000,0x00000000df600000)
 ParOldGen       total 84992K, used 4134K [0x0000000085000000, 0x000000008a300000, 0x00000000d7000000)
  object space 84992K, 4% used [0x0000000085000000,0x0000000085409820,0x000000008a300000)
 Metaspace       used 18761K, capacity 18998K, committed 19200K, reserved 1067008K
  class space    used 2375K, capacity 2455K, committed 2560K, reserved 1048576K
GC Heap History (6 events):
Event: 1,534 GC heap before
{Heap before GC invocations=1 (full 0):
 PSYoungGen      total 36864K, used 31744K [0x00000000d7000000, 0x00000000d9900000, 0x0000000100000000)
  eden space 31744K, 100% used [0x00000000d7000000,0x00000000d8f00000,0x00000000d8f00000)
  from space 5120K, 0% used [0x00000000d9400000,0x00000000d9400000,0x00000000d9900000)
  to   space 5120K, 0% used [0x00000000d8f00000,0x00000000d8f00000,0x00000000d9400000)
 ParOldGen       total 84992K, used 0K [0x0000000085000000, 0x000000008a300000, 0x00000000d7000000)
  object space 84992K, 0% used [0x0000000085000000,0x0000000085000000,0x000000008a300000)
 Metaspace       used 11240K, capacity 11402K, committed 11648K, reserved 1058816K
  class space    used 1374K, capacity 1407K, committed 1408K, reserved 1048576K
Event: 1,600 GC heap after
Heap after GC invocations=1 (full 0):
 PSYoungGen      total 36864K, used 5019K [0x00000000d7000000, 0x00000000db800000, 0x0000000100000000)
  eden space 31744K, 0% used [0x00000000d7000000,0x00000000d7000000,0x00000000d8f00000)
  from space 5120K, 98% used [0x00000000d8f00000,0x00000000d93e6f70,0x00000000d9400000)
  to   space 5120K, 0% used [0x00000000db300000,0x00000000db300000,0x00000000db800000)
 ParOldGen       total 84992K, used 8K [0x0000000085000000, 0x000000008a300000, 0x00000000d7000000)
  object space 84992K, 0% used [0x0000000085000000,0x0000000085002000,0x000000008a300000)
 Metaspace       used 11240K, capacity 11402K, committed 11648K, reserved 1058816K
  class space    used 1374K, capacity 1407K, committed 1408K, reserved 1048576K
}
Event: 2,385 GC heap before
{Heap before GC invocations=2 (full 0):
 PSYoungGen      total 36864K, used 36763K [0x00000000d7000000, 0x00000000db800000, 0x0000000100000000)
  eden space 31744K, 100% used [0x00000000d7000000,0x00000000d8f00000,0x00000000d8f00000)
  from space 5120K, 98% used [0x00000000d8f00000,0x00000000d93e6f70,0x00000000d9400000)
  to   space 5120K, 0% used [0x00000000db300000,0x00000000db300000,0x00000000db800000)
 ParOldGen       total 84992K, used 8K [0x0000000085000000, 0x000000008a300000, 0x00000000d7000000)
  object space 84992K, 0% used [0x0000000085000000,0x0000000085002000,0x000000008a300000)
 Metaspace       used 12857K, capacity 13038K, committed 13184K, reserved 1060864K
  class space    used 1561K, capacity 1605K, committed 1664K, reserved 1048576K
Event: 2,420 GC heap after
Heap after GC invocations=2 (full 0):
 PSYoungGen      total 68608K, used 4889K [0x00000000d7000000, 0x00000000db800000, 0x0000000100000000)
  eden space 63488K, 0% used [0x00000000d7000000,0x00000000d7000000,0x00000000dae00000)
  from space 5120K, 95% used [0x00000000db300000,0x00000000db7c67b0,0x00000000db800000)
  to   space 5120K, 0% used [0x00000000dae00000,0x00000000dae00000,0x00000000db300000)
 ParOldGen       total 84992K, used 24K [0x0000000085000000, 0x000000008a300000, 0x00000000d7000000)
  object space 84992K, 0% used [0x0000000085000000,0x0000000085006000,0x000000008a300000)
 Metaspace       used 12857K, capacity 13038K, committed 13184K, reserved 1060864K
  class space    used 1561K, capacity 1605K, committed 1664K, reserved 1048576K
}
Event: 4,361 GC heap before
{Heap before GC invocations=3 (full 0):
 PSYoungGen      total 68608K, used 68377K [0x00000000d7000000, 0x00000000db800000, 0x0000000100000000)
  eden space 63488K, 100% used [0x00000000d7000000,0x00000000dae00000,0x00000000dae00000)
  from space 5120K, 95% used [0x00000000db300000,0x00000000db7c67b0,0x00000000db800000)
  to   space 5120K, 0% used [0x00000000dae00000,0x00000000dae00000,0x00000000db300000)
 ParOldGen       total 84992K, used 24K [0x0000000085000000, 0x000000008a300000, 0x00000000d7000000)
  object space 84992K, 0% used [0x0000000085000000,0x0000000085006000,0x000000008a300000)
 Metaspace       used 17558K, capacity 17816K, committed 18176K, reserved 1064960K
  class space    used 2221K, capacity 2252K, committed 2304K, reserved 1048576K
Event: 4,454 GC heap after
Heap after GC invocations=3 (full 0):
 PSYoungGen      total 68608K, used 5104K [0x00000000d7000000, 0x00000000df600000, 0x0000000100000000)
  eden space 63488K, 0% used [0x00000000d7000000,0x00000000d7000000,0x00000000dae00000)
  from space 5120K, 99% used [0x00000000dae00000,0x00000000db2fc050,0x00000000db300000)
  to   space 5120K, 0% used [0x00000000df100000,0x00000000df100000,0x00000000df600000)
 ParOldGen       total 84992K, used 4134K [0x0000000085000000, 0x000000008a300000, 0x00000000d7000000)
  object space 84992K, 4% used [0x0000000085000000,0x0000000085409820,0x000000008a300000)
 Metaspace       used 17558K, capacity 17816K, committed 18176K, reserved 1064960K
  class space    used 2221K, capacity 2252K, committed 2304K, reserved 1048576K
}

